# JRE version: OpenJDK Runtime Environment Homebrew (11.0.25) (build 11.0.25+0)
# Java VM: OpenJDK 64-Bit Server VM Homebrew (11.0.25+0, mixed mode, tiered, compressed oops, g1 gc, bsd-aarch64)
Heap:
 garbage-first heap   total 227328K, used 105696K [0x0000000740000000, 0x00000007c0000000)
  region size 1024K, 50 young (51200K), 1 survivors (1024K)
 Metaspace       used 71717K, capacity 74622K, committed 74880K, reserved 1112064K
  class space    used 9841K, capacity 11342K, committed 11392K, reserved 1048576K
GC Heap History (20 events):
Event: 2.176 GC heap before
{Heap before GC invocations=17 (full 0):
 garbage-first heap   total 189440K, used 137429K [0x0000000740000000, 0x00000007c0000000)
  region size 1024K, 102 young (104448K), 6 survivors (6144K)
 Metaspace       used 60403K, capacity 62945K, committed 63104K, reserved 1101824K
  class space    used 8524K, capacity 9834K, committed 9856K, reserved 1048576K
}
Event: 2.178 GC heap after
{Heap after GC invocations=18 (full 0):
 garbage-first heap   total 227328K, used 38988K [0x0000000740000000, 0x00000007c0000000)
  region size 1024K, 6 young (6144K), 6 survivors (6144K)
 Metaspace       used 60403K, capacity 62945K, committed 63104K, reserved 1101824K
  class space    used 8524K, capacity 9834K, committed 9856K, reserved 1048576K
}
Event: 2.399 GC heap before
{Heap before GC invocations=18 (full 0):
 garbage-first heap   total 227328K, used 183372K [0x0000000740000000, 0x00000007c0000000)
  region size 1024K, 116 young (118784K), 6 survivors (6144K)
 Metaspace       used 63741K, capacity 66645K, committed 66944K, reserved 1105920K
  class space    used 9037K, capacity 10516K, committed 10624K, reserved 1048576K
}
Event: 2.404 GC heap after
{Heap after GC invocations=19 (full 0):
 garbage-first heap   total 227328K, used 55604K [0x0000000740000000, 0x00000007c0000000)
  region size 1024K, 15 young (15360K), 15 survivors (15360K)
 Metaspace       used 63741K, capacity 66645K, committed 66944K, reserved 1105920K
  class space    used 9037K, capacity 10516K, committed 10624K, reserved 1048576K
}
Event: 2.521 GC heap before
{Heap before GC invocations=19 (full 0):
 garbage-first heap   total 227328K, used 175412K [0x0000000740000000, 0x00000007c0000000)
  region size 1024K, 127 young (130048K), 15 survivors (15360K)
 Metaspace       used 67974K, capacity 70827K, committed 71040K, reserved 1110016K
  class space    used 9089K, capacity 10565K, committed 10624K, reserved 1048576K
}
Event: 2.525 GC heap after
{Heap after GC invocations=20 (full 0):
 garbage-first heap   total 227328K, used 57762K [0x0000000740000000, 0x00000007c0000000)
  region size 1024K, 2 young (2048K), 2 survivors (2048K)
 Metaspace       used 67974K, capacity 70827K, committed 71040K, reserved 1110016K
  class space    used 9089K, capacity 10565K, committed 10624K, reserved 1048576K
}
Event: 2.603 GC heap before
{Heap before GC invocations=20 (full 0):
 garbage-first heap   total 227328K, used 174498K [0x0000000740000000, 0x00000007c0000000)
  region size 1024K, 116 young (118784K), 2 survivors (2048K)
 Metaspace       used 67986K, capacity 70891K, committed 71040K, reserved 1110016K
  class space    used 9089K, capacity 10565K, committed 10624K, reserved 1048576K
}
Event: 2.607 GC heap after
{Heap after GC invocations=21 (full 0):
 garbage-first heap   total 227328K, used 56193K [0x0000000740000000, 0x00000007c0000000)
  region size 1024K, 1 young (1024K), 1 survivors (1024K)
 Metaspace       used 67986K, capacity 70891K, committed 71040K, reserved 1110016K
  class space    used 9089K, capacity 10565K, committed 10624K, reserved 1048576K
}
Event: 2.759 GC heap before
{Heap before GC invocations=21 (full 0):
 garbage-first heap   total 227328K, used 181121K [0x0000000740000000, 0x00000007c0000000)
  region size 1024K, 123 young (125952K), 1 survivors (1024K)
 Metaspace       used 68019K, capacity 70987K, committed 71296K, reserved 1110016K
  class space    used 9093K, capacity 10597K, committed 10624K, reserved 1048576K
}
Event: 2.760 GC heap after
{Heap after GC invocations=22 (full 0):
 garbage-first heap   total 227328K, used 56206K [0x0000000740000000, 0x00000007c0000000)
  region size 1024K, 1 young (1024K), 1 survivors (1024K)
 Metaspace       used 68019K, capacity 70987K, committed 71296K, reserved 1110016K
  class space    used 9093K, capacity 10597K, committed 10624K, reserved 1048576K
}
Event: 2.881 GC heap before
{Heap before GC invocations=22 (full 0):
 garbage-first heap   total 227328K, used 183182K [0x0000000740000000, 0x00000007c0000000)
  region size 1024K, 125 young (128000K), 1 survivors (1024K)
 Metaspace       used 68021K, capacity 70987K, committed 71296K, reserved 1110016K
  class space    used 9093K, capacity 10597K, committed 10624K, reserved 1048576K
}
Event: 2.883 GC heap after
{Heap after GC invocations=23 (full 0):
 garbage-first heap   total 227328K, used 56174K [0x0000000740000000, 0x00000007c0000000)
  region size 1024K, 1 young (1024K), 1 survivors (1024K)
 Metaspace       used 68021K, capacity 70987K, committed 71296K, reserved 1110016K
  class space    used 9093K, capacity 10597K, committed 10624K, reserved 1048576K
}
Event: 2.996 GC heap before
{Heap before GC invocations=23 (full 0):
 garbage-first heap   total 227328K, used 185198K [0x0000000740000000, 0x00000007c0000000)
  region size 1024K, 127 young (130048K), 1 survivors (1024K)
 Metaspace       used 68068K, capacity 70990K, committed 71296K, reserved 1110016K
  class space    used 9096K, capacity 10598K, committed 10624K, reserved 1048576K
}
Event: 2.997 GC heap after
{Heap after GC invocations=24 (full 0):
 garbage-first heap   total 227328K, used 56203K [0x0000000740000000, 0x00000007c0000000)
  region size 1024K, 1 young (1024K), 1 survivors (1024K)
 Metaspace       used 68068K, capacity 70990K, committed 71296K, reserved 1110016K
  class space    used 9096K, capacity 10598K, committed 10624K, reserved 1048576K
}
Event: 3.059 GC heap before
{Heap before GC invocations=24 (full 0):
 garbage-first heap   total 227328K, used 187275K [0x0000000740000000, 0x00000007c0000000)
  region size 1024K, 129 young (132096K), 1 survivors (1024K)
 Metaspace       used 68068K, capacity 70990K, committed 71296K, reserved 1110016K
  class space    used 9096K, capacity 10598K, committed 10624K, reserved 1048576K
}
Event: 3.059 GC heap after
{Heap after GC invocations=25 (full 0):
 garbage-first heap   total 227328K, used 56210K [0x0000000740000000, 0x00000007c0000000)
  region size 1024K, 1 young (1024K), 1 survivors (1024K)
 Metaspace       used 68068K, capacity 70990K, committed 71296K, reserved 1110016K
  class space    used 9096K, capacity 10598K, committed 10624K, reserved 1048576K
}
Event: 3.123 GC heap before
{Heap before GC invocations=25 (full 0):
 garbage-first heap   total 227328K, used 189330K [0x0000000740000000, 0x00000007c0000000)
  region size 1024K, 131 young (134144K), 1 survivors (1024K)
 Metaspace       used 68068K, capacity 70990K, committed 71296K, reserved 1110016K
  class space    used 9096K, capacity 10598K, committed 10624K, reserved 1048576K
}
Event: 3.124 GC heap after
{Heap after GC invocations=26 (full 0):
 garbage-first heap   total 227328K, used 56217K [0x0000000740000000, 0x00000007c0000000)
  region size 1024K, 1 young (1024K), 1 survivors (1024K)
 Metaspace       used 68068K, capacity 70990K, committed 71296K, reserved 1110016K
  class space    used 9096K, capacity 10598K, committed 10624K, reserved 1048576K
}
Event: 3.204 GC heap before
{Heap before GC invocations=26 (full 0):
 garbage-first heap   total 227328K, used 190361K [0x0000000740000000, 0x00000007c0000000)
  region size 1024K, 132 young (135168K), 1 survivors (1024K)
 Metaspace       used 69819K, capacity 72686K, committed 73088K, reserved 1112064K
  class space    used 9603K, capacity 11078K, committed 11136K, reserved 1048576K
}
Event: 3.204 GC heap after
{Heap after GC invocations=27 (full 0):
 garbage-first heap   total 227328K, used 56544K [0x0000000740000000, 0x00000007c0000000)
  region size 1024K, 1 young (1024K), 1 survivors (1024K)
 Metaspace       used 69819K, capacity 72686K, committed 73088K, reserved 1112064K
  class space    used 9603K, capacity 11078K, committed 11136K, reserved 1048576K
}

