# JRE version: OpenJDK Runtime Environment Homebrew (11.0.25) (build 11.0.25+0)
# Java VM: OpenJDK 64-Bit Server VM Homebrew (11.0.25+0, mixed mode, tiered, compressed oops, g1 gc, bsd-aarch64)
Heap:
 garbage-first heap   total 230400K, used 175575K [0x0000000740000000, 0x00000007c0000000)
  region size 1024K, 119 young (121856K), 1 survivors (1024K)
 Metaspace       used 71714K, capacity 74585K, committed 74880K, reserved 1112064K
  class space    used 9807K, capacity 11293K, committed 11392K, reserved 1048576K
GC Heap History (20 events):
Event: 2.236 GC heap before
{Heap before GC invocations=16 (full 0):
 garbage-first heap   total 189440K, used 138170K [0x0000000740000000, 0x00000007c0000000)
  region size 1024K, 103 young (105472K), 6 survivors (6144K)
 Metaspace       used 60438K, capacity 63005K, committed 63104K, reserved 1101824K
  class space    used 8528K, capacity 9831K, committed 9856K, reserved 1048576K
}
Event: 2.237 GC heap after
{Heap after GC invocations=17 (full 0):
 garbage-first heap   total 189440K, used 38842K [0x0000000740000000, 0x00000007c0000000)
  region size 1024K, 6 young (6144K), 6 survivors (6144K)
 Metaspace       used 60438K, capacity 63005K, committed 63104K, reserved 1101824K
  class space    used 8528K, capacity 9831K, committed 9856K, reserved 1048576K
}
Event: 2.449 GC heap before
{Heap before GC invocations=17 (full 0):
 garbage-first heap   total 189440K, used 172986K [0x0000000740000000, 0x00000007c0000000)
  region size 1024K, 106 young (108544K), 6 survivors (6144K)
 Metaspace       used 63414K, capacity 66257K, committed 66560K, reserved 1105920K
  class space    used 8971K, capacity 10435K, committed 10496K, reserved 1048576K
}
Event: 2.453 GC heap after
{Heap after GC invocations=18 (full 0):
 garbage-first heap   total 191488K, used 55089K [0x0000000740000000, 0x00000007c0000000)
  region size 1024K, 14 young (14336K), 14 survivors (14336K)
 Metaspace       used 63414K, capacity 66257K, committed 66560K, reserved 1105920K
  class space    used 8971K, capacity 10435K, committed 10496K, reserved 1048576K
}
Event: 2.561 GC heap before
{Heap before GC invocations=18 (full 0):
 garbage-first heap   total 191488K, used 154417K [0x0000000740000000, 0x00000007c0000000)
  region size 1024K, 106 young (108544K), 14 survivors (14336K)
 Metaspace       used 67960K, capacity 70855K, committed 71040K, reserved 1110016K
  class space    used 9058K, capacity 10516K, committed 10624K, reserved 1048576K
}
Event: 2.564 GC heap after
{Heap after GC invocations=19 (full 0):
 garbage-first heap   total 191488K, used 57250K [0x0000000740000000, 0x00000007c0000000)
  region size 1024K, 2 young (2048K), 2 survivors (2048K)
 Metaspace       used 67960K, capacity 70855K, committed 71040K, reserved 1110016K
  class space    used 9058K, capacity 10516K, committed 10624K, reserved 1048576K
}
Event: 2.632 GC heap before
{Heap before GC invocations=19 (full 0):
 garbage-first heap   total 191488K, used 151458K [0x0000000740000000, 0x00000007c0000000)
  region size 1024K, 94 young (96256K), 2 survivors (2048K)
 Metaspace       used 67975K, capacity 70855K, committed 71040K, reserved 1110016K
  class space    used 9058K, capacity 10516K, committed 10624K, reserved 1048576K
}
Event: 2.633 GC heap after
{Heap after GC invocations=20 (full 0):
 garbage-first heap   total 230400K, used 55817K [0x0000000740000000, 0x00000007c0000000)
  region size 1024K, 1 young (1024K), 1 survivors (1024K)
 Metaspace       used 67975K, capacity 70855K, committed 71040K, reserved 1110016K
  class space    used 9058K, capacity 10516K, committed 10624K, reserved 1048576K
}
Event: 2.788 GC heap before
{Heap before GC invocations=20 (full 0):
 garbage-first heap   total 230400K, used 168457K [0x0000000740000000, 0x00000007c0000000)
  region size 1024K, 111 young (113664K), 1 survivors (1024K)
 Metaspace       used 67998K, capacity 70887K, committed 71040K, reserved 1110016K
  class space    used 9061K, capacity 10548K, committed 10624K, reserved 1048576K
}
Event: 2.798 GC heap after
{Heap after GC invocations=21 (full 0):
 garbage-first heap   total 230400K, used 55601K [0x0000000740000000, 0x00000007c0000000)
  region size 1024K, 1 young (1024K), 1 survivors (1024K)
 Metaspace       used 67998K, capacity 70887K, committed 71040K, reserved 1110016K
  class space    used 9061K, capacity 10548K, committed 10624K, reserved 1048576K
}
Event: 2.926 GC heap before
{Heap before GC invocations=21 (full 0):
 garbage-first heap   total 230400K, used 176433K [0x0000000740000000, 0x00000007c0000000)
  region size 1024K, 119 young (121856K), 1 survivors (1024K)
 Metaspace       used 68024K, capacity 70887K, committed 71040K, reserved 1110016K
  class space    used 9061K, capacity 10548K, committed 10624K, reserved 1048576K
}
Event: 2.928 GC heap after
{Heap after GC invocations=22 (full 0):
 garbage-first heap   total 230400K, used 55579K [0x0000000740000000, 0x00000007c0000000)
  region size 1024K, 1 young (1024K), 1 survivors (1024K)
 Metaspace       used 68024K, capacity 70887K, committed 71040K, reserved 1110016K
  class space    used 9061K, capacity 10548K, committed 10624K, reserved 1048576K
}
Event: 3.016 GC heap before
{Heap before GC invocations=22 (full 0):
 garbage-first heap   total 230400K, used 181531K [0x0000000740000000, 0x00000007c0000000)
  region size 1024K, 124 young (126976K), 1 survivors (1024K)
 Metaspace       used 68029K, capacity 70887K, committed 71040K, reserved 1110016K
  class space    used 9061K, capacity 10548K, committed 10624K, reserved 1048576K
}
Event: 3.016 GC heap after
{Heap after GC invocations=23 (full 0):
 garbage-first heap   total 230400K, used 55619K [0x0000000740000000, 0x00000007c0000000)
  region size 1024K, 1 young (1024K), 1 survivors (1024K)
 Metaspace       used 68029K, capacity 70887K, committed 71040K, reserved 1110016K
  class space    used 9061K, capacity 10548K, committed 10624K, reserved 1048576K
}
Event: 3.107 GC heap before
{Heap before GC invocations=23 (full 0):
 garbage-first heap   total 230400K, used 185667K [0x0000000740000000, 0x00000007c0000000)
  region size 1024K, 128 young (131072K), 1 survivors (1024K)
 Metaspace       used 68048K, capacity 70954K, committed 71296K, reserved 1110016K
  class space    used 9064K, capacity 10549K, committed 10624K, reserved 1048576K
}
Event: 3.108 GC heap after
{Heap after GC invocations=24 (full 0):
 garbage-first heap   total 230400K, used 55626K [0x0000000740000000, 0x00000007c0000000)
  region size 1024K, 1 young (1024K), 1 survivors (1024K)
 Metaspace       used 68048K, capacity 70954K, committed 71296K, reserved 1110016K
  class space    used 9064K, capacity 10549K, committed 10624K, reserved 1048576K
}
Event: 3.171 GC heap before
{Heap before GC invocations=24 (full 0):
 garbage-first heap   total 230400K, used 188746K [0x0000000740000000, 0x00000007c0000000)
  region size 1024K, 131 young (134144K), 1 survivors (1024K)
 Metaspace       used 68049K, capacity 70954K, committed 71296K, reserved 1110016K
  class space    used 9064K, capacity 10549K, committed 10624K, reserved 1048576K
}
Event: 3.172 GC heap after
{Heap after GC invocations=25 (full 0):
 garbage-first heap   total 230400K, used 55648K [0x0000000740000000, 0x00000007c0000000)
  region size 1024K, 1 young (1024K), 1 survivors (1024K)
 Metaspace       used 68049K, capacity 70954K, committed 71296K, reserved 1110016K
  class space    used 9064K, capacity 10549K, committed 10624K, reserved 1048576K
}
Event: 3.246 GC heap before
{Heap before GC invocations=25 (full 0):
 garbage-first heap   total 230400K, used 190816K [0x0000000740000000, 0x00000007c0000000)
  region size 1024K, 133 young (136192K), 1 survivors (1024K)
 Metaspace       used 68463K, capacity 71370K, committed 71680K, reserved 1110016K
  class space    used 9171K, capacity 10645K, committed 10752K, reserved 1048576K
}
Event: 3.247 GC heap after
{Heap after GC invocations=26 (full 0):
 garbage-first heap   total 230400K, used 55767K [0x0000000740000000, 0x00000007c0000000)
  region size 1024K, 1 young (1024K), 1 survivors (1024K)
 Metaspace       used 68463K, capacity 71370K, committed 71680K, reserved 1110016K
  class space    used 9171K, capacity 10645K, committed 10752K, reserved 1048576K
}

